     1	rchar: 1237332
     2	wchar: 10193
     3	syscr: 1886
     4	syscw: 23
     5	read_bytes: 0
     6	write_bytes: 3507
     7	cancelled_write_bytes: 0
cat: /proc/11/stack: Permission denied
     1	Name:	sqlservr
     2	Umask:	0022
     3	State:	T (stopped)
     4	Tgid:	11
     5	Ngid:	0
     6	Pid:	11
     7	PPid:	9
     8	TracerPid:	0
     9	Uid:	0	0	0	0
    10	Gid:	0	0	0	0
    11	FDSize:	128
    12	Groups:	0 
    13	NStgid:	11
    14	NSpid:	11
    15	NSpgid:	1
    16	NSsid:	1
    17	Kthread:	0
    18	VmPeak:	 3683604 kB
    19	VmSize:	 3683108 kB
    20	VmLck:	       0 kB
    21	VmPin:	       0 kB
    22	VmHWM:	  307616 kB
    23	VmRSS:	  307616 kB
    24	RssAnon:	  262292 kB
    25	RssFile:	   45324 kB
    26	RssShmem:	       0 kB
    27	VmData:	 3589748 kB
    28	VmStk:	     132 kB
    29	VmExe:	     456 kB
    30	VmLib:	   49804 kB
    31	VmPTE:	    1240 kB
    32	VmSwap:	       0 kB
    33	HugetlbPages:	       0 kB
    34	CoreDumping:	0
    35	THP_enabled:	1
    36	untag_mask:	0xffffffffffffff
    37	Threads:	35
    38	SigQ:	38/11641
    39	SigPnd:	0000000000040000
    40	ShdPnd:	0000000000040200
    41	SigBlk:	0000000600005007
    42	SigIgn:	0000000000000006
    43	SigCgt:	0000000141808ef8
    44	CapInh:	0000000000000000
    45	CapPrm:	00000000a80425fb
    46	CapEff:	00000000a80425fb
    47	CapBnd:	00000000a80425fb
    48	CapAmb:	0000000000000000
    49	NoNewPrivs:	0
    50	Seccomp:	2
    51	Seccomp_filters:	1
    52	Speculation_Store_Bypass:	vulnerable
    53	SpeculationIndirectBranch:	unknown
    54	Cpus_allowed:	ff
    55	Cpus_allowed_list:	0-7
    56	Mems_allowed:	1
    57	Mems_allowed_list:	0
    58	voluntary_ctxt_switches:	10
    59	nonvoluntary_ctxt_switches:	0
     1	rchar: 63743
     2	wchar: 5156
     3	syscr: 1375
     4	syscw: 9
     5	read_bytes: 0
     6	write_bytes: 0
     7	cancelled_write_bytes: 0
cat: /proc/11/task/11/stack: Permission denied
     1	Name:	sqlservr
     2	Umask:	0022
     3	State:	T (stopped)
     4	Tgid:	11
     5	Ngid:	0
     6	Pid:	11
     7	PPid:	9
     8	TracerPid:	0
     9	Uid:	0	0	0	0
    10	Gid:	0	0	0	0
    11	FDSize:	128
    12	Groups:	0 
    13	NStgid:	11
    14	NSpid:	11
    15	NSpgid:	1
    16	NSsid:	1
    17	Kthread:	0
    18	VmPeak:	 3683604 kB
    19	VmSize:	 3683108 kB
    20	VmLck:	       0 kB
    21	VmPin:	       0 kB
    22	VmHWM:	  307616 kB
    23	VmRSS:	  307616 kB
    24	RssAnon:	  262292 kB
    25	RssFile:	   45324 kB
    26	RssShmem:	       0 kB
    27	VmData:	 3589748 kB
    28	VmStk:	     132 kB
    29	VmExe:	     456 kB
    30	VmLib:	   49804 kB
    31	VmPTE:	    1240 kB
    32	VmSwap:	       0 kB
    33	HugetlbPages:	       0 kB
    34	CoreDumping:	0
    35	THP_enabled:	1
    36	untag_mask:	0xffffffffffffff
    37	Threads:	35
    38	SigQ:	38/11641
    39	SigPnd:	0000000000040000
    40	ShdPnd:	0000000000040200
    41	SigBlk:	0000000600005007
    42	SigIgn:	0000000000000006
    43	SigCgt:	0000000141808ef8
    44	CapInh:	0000000000000000
    45	CapPrm:	00000000a80425fb
    46	CapEff:	00000000a80425fb
    47	CapBnd:	00000000a80425fb
    48	CapAmb:	0000000000000000
    49	NoNewPrivs:	0
    50	Seccomp:	2
    51	Seccomp_filters:	1
    52	Speculation_Store_Bypass:	vulnerable
    53	SpeculationIndirectBranch:	unknown
    54	Cpus_allowed:	ff
    55	Cpus_allowed_list:	0-7
    56	Mems_allowed:	1
    57	Mems_allowed_list:	0
    58	voluntary_ctxt_switches:	10
    59	nonvoluntary_ctxt_switches:	0
     1	rchar: 0
     2	wchar: 0
     3	syscr: 0
     4	syscw: 0
     5	read_bytes: 0
     6	write_bytes: 0
     7	cancelled_write_bytes: 0
cat: /proc/11/task/14/stack: Permission denied
     1	Name:	sqlservr
     2	Umask:	0022
     3	State:	T (stopped)
     4	Tgid:	11
     5	Ngid:	0
     6	Pid:	14
     7	PPid:	9
     8	TracerPid:	0
     9	Uid:	0	0	0	0
    10	Gid:	0	0	0	0
    11	FDSize:	128
    12	Groups:	0 
    13	NStgid:	11
    14	NSpid:	14
    15	NSpgid:	1
    16	NSsid:	1
    17	Kthread:	0
    18	VmPeak:	 3683604 kB
    19	VmSize:	 3683108 kB
    20	VmLck:	       0 kB
    21	VmPin:	       0 kB
    22	VmHWM:	  307616 kB
    23	VmRSS:	  307616 kB
    24	RssAnon:	  262292 kB
    25	RssFile:	   45324 kB
    26	RssShmem:	       0 kB
    27	VmData:	 3589748 kB
    28	VmStk:	     132 kB
    29	VmExe:	     456 kB
    30	VmLib:	   49804 kB
    31	VmPTE:	    1240 kB
    32	VmSwap:	       0 kB
    33	HugetlbPages:	       0 kB
    34	CoreDumping:	0
    35	THP_enabled:	1
    36	untag_mask:	0xffffffffffffff
    37	Threads:	35
    38	SigQ:	38/11641
    39	SigPnd:	0000000000040000
    40	ShdPnd:	0000000000040200
    41	SigBlk:	0000000600005007
    42	SigIgn:	0000000000000006
    43	SigCgt:	0000000141808ef8
    44	CapInh:	0000000000000000
    45	CapPrm:	00000000a80425fb
    46	CapEff:	00000000a80425fb
    47	CapBnd:	00000000a80425fb
    48	CapAmb:	0000000000000000
    49	NoNewPrivs:	0
    50	Seccomp:	2
    51	Seccomp_filters:	1
    52	Speculation_Store_Bypass:	vulnerable
    53	SpeculationIndirectBranch:	unknown
    54	Cpus_allowed:	ff
    55	Cpus_allowed_list:	0-7
    56	Mems_allowed:	1
    57	Mems_allowed_list:	0
    58	voluntary_ctxt_switches:	17
    59	nonvoluntary_ctxt_switches:	0
     1	rchar: 0
     2	wchar: 0
     3	syscr: 0
     4	syscw: 0
     5	read_bytes: 0
     6	write_bytes: 0
     7	cancelled_write_bytes: 0
cat: /proc/11/task/15/stack: Permission denied
     1	Name:	IoHandler
     2	Umask:	0022
     3	State:	T (stopped)
     4	Tgid:	11
     5	Ngid:	0
     6	Pid:	15
     7	PPid:	9
     8	TracerPid:	0
     9	Uid:	0	0	0	0
    10	Gid:	0	0	0	0
    11	FDSize:	128
    12	Groups:	0 
    13	NStgid:	11
    14	NSpid:	15
    15	NSpgid:	1
    16	NSsid:	1
    17	Kthread:	0
    18	VmPeak:	 3683604 kB
    19	VmSize:	 3683108 kB
    20	VmLck:	       0 kB
    21	VmPin:	       0 kB
    22	VmHWM:	  307616 kB
    23	VmRSS:	  307616 kB
    24	RssAnon:	  262292 kB
    25	RssFile:	   45324 kB
    26	RssShmem:	       0 kB
    27	VmData:	 3589748 kB
    28	VmStk:	     132 kB
    29	VmExe:	     456 kB
    30	VmLib:	   49804 kB
    31	VmPTE:	    1240 kB
    32	VmSwap:	       0 kB
    33	HugetlbPages:	       0 kB
    34	CoreDumping:	0
    35	THP_enabled:	1
    36	untag_mask:	0xffffffffffffff
    37	Threads:	35
    38	SigQ:	38/11641
    39	SigPnd:	0000000000040000
    40	ShdPnd:	0000000000040200
    41	SigBlk:	0000000600005007
    42	SigIgn:	0000000000000006
    43	SigCgt:	0000000141808ef8
    44	CapInh:	0000000000000000
    45	CapPrm:	00000000a80425fb
    46	CapEff:	00000000a80425fb
    47	CapBnd:	00000000a80425fb
    48	CapAmb:	0000000000000000
    49	NoNewPrivs:	0
    50	Seccomp:	2
    51	Seccomp_filters:	1
    52	Speculation_Store_Bypass:	vulnerable
    53	SpeculationIndirectBranch:	unknown
    54	Cpus_allowed:	ff
    55	Cpus_allowed_list:	0-7
    56	Mems_allowed:	1
    57	Mems_allowed_list:	0
    58	voluntary_ctxt_switches:	76
    59	nonvoluntary_ctxt_switches:	0
     1	rchar: 91557
     2	wchar: 0
     3	syscr: 199
     4	syscw: 0
     5	read_bytes: 0
     6	write_bytes: 0
     7	cancelled_write_bytes: 0
cat: /proc/11/task/16/stack: Permission denied
     1	Name:	Wt-8
     2	Umask:	0022
     3	State:	T (stopped)
     4	Tgid:	11
     5	Ngid:	0
     6	Pid:	16
     7	PPid:	9
     8	TracerPid:	0
     9	Uid:	0	0	0	0
    10	Gid:	0	0	0	0
    11	FDSize:	128
    12	Groups:	0 
    13	NStgid:	11
    14	NSpid:	16
    15	NSpgid:	1
    16	NSsid:	1
    17	Kthread:	0
    18	VmPeak:	 3683604 kB
    19	VmSize:	 3683108 kB
    20	VmLck:	       0 kB
    21	VmPin:	       0 kB
    22	VmHWM:	  307616 kB
    23	VmRSS:	  307616 kB
    24	RssAnon:	  262292 kB
    25	RssFile:	   45324 kB
    26	RssShmem:	       0 kB
    27	VmData:	 3589748 kB
    28	VmStk:	     132 kB
    29	VmExe:	     456 kB
    30	VmLib:	   49804 kB
    31	VmPTE:	    1240 kB
    32	VmSwap:	       0 kB
    33	HugetlbPages:	       0 kB
    34	CoreDumping:	0
    35	THP_enabled:	1
    36	untag_mask:	0xffffffffffffff
    37	Threads:	35
    38	SigQ:	38/11641
    39	SigPnd:	0000000000040000
    40	ShdPnd:	0000000000040200
    41	SigBlk:	0000000600005007
    42	SigIgn:	0000000000000006
    43	SigCgt:	0000000141808ef8
    44	CapInh:	0000000000000000
    45	CapPrm:	00000000a80425fb
    46	CapEff:	00000000a80425fb
    47	CapBnd:	00000000a80425fb
    48	CapAmb:	0000000000000000
    49	NoNewPrivs:	0
    50	Seccomp:	2
    51	Seccomp_filters:	1
    52	Speculation_Store_Bypass:	vulnerable
    53	SpeculationIndirectBranch:	unknown
    54	Cpus_allowed:	01
    55	Cpus_allowed_list:	0
    56	Mems_allowed:	1
    57	Mems_allowed_list:	0
    58	voluntary_ctxt_switches:	296
    59	nonvoluntary_ctxt_switches:	43
     1	rchar: 244872
     2	wchar: 70
     3	syscr: 174
     4	syscw: 5
     5	read_bytes: 0
     6	write_bytes: 0
     7	cancelled_write_bytes: 0
cat: /proc/11/task/17/stack: Permission denied
     1	Name:	Wt-304
     2	Umask:	0022
     3	State:	T (stopped)
     4	Tgid:	11
     5	Ngid:	0
     6	Pid:	17
     7	PPid:	9
     8	TracerPid:	0
     9	Uid:	0	0	0	0
    10	Gid:	0	0	0	0
    11	FDSize:	128
    12	Groups:	0 
    13	NStgid:	11
    14	NSpid:	17
    15	NSpgid:	1
    16	NSsid:	1
    17	Kthread:	0
    18	VmPeak:	 3683604 kB
    19	VmSize:	 3683108 kB
    20	VmLck:	       0 kB
    21	VmPin:	       0 kB
    22	VmHWM:	  307616 kB
    23	VmRSS:	  307616 kB
    24	RssAnon:	  262292 kB
    25	RssFile:	   45324 kB
    26	RssShmem:	       0 kB
    27	VmData:	 3589748 kB
    28	VmStk:	     132 kB
    29	VmExe:	     456 kB
    30	VmLib:	   49804 kB
    31	VmPTE:	    1240 kB
    32	VmSwap:	       0 kB
    33	HugetlbPages:	       0 kB
    34	CoreDumping:	0
    35	THP_enabled:	1
    36	untag_mask:	0xffffffffffffff
    37	Threads:	35
    38	SigQ:	38/11641
    39	SigPnd:	0000000000040000
    40	ShdPnd:	0000000000040200
    41	SigBlk:	0000000600005007
    42	SigIgn:	0000000000000006
    43	SigCgt:	0000000141808ef8
    44	CapInh:	0000000000000000
    45	CapPrm:	00000000a80425fb
    46	CapEff:	00000000a80425fb
    47	CapBnd:	00000000a80425fb
    48	CapAmb:	0000000000000000
    49	NoNewPrivs:	0
    50	Seccomp:	2
    51	Seccomp_filters:	1
    52	Speculation_Store_Bypass:	vulnerable
    53	SpeculationIndirectBranch:	unknown
    54	Cpus_allowed:	01
    55	Cpus_allowed_list:	0
    56	Mems_allowed:	1
    57	Mems_allowed_list:	0
    58	voluntary_ctxt_switches:	197
    59	nonvoluntary_ctxt_switches:	93
     1	rchar: 0
     2	wchar: 0
     3	syscr: 0
     4	syscw: 0
     5	read_bytes: 0
     6	write_bytes: 0
     7	cancelled_write_bytes: 0
cat: /proc/11/task/18/stack: Permission denied
     1	Name:	Wt-252
     2	Umask:	0022
     3	State:	T (stopped)
     4	Tgid:	11
     5	Ngid:	0
     6	Pid:	18
     7	PPid:	9
     8	TracerPid:	0
     9	Uid:	0	0	0	0
    10	Gid:	0	0	0	0
    11	FDSize:	128
    12	Groups:	0 
    13	NStgid:	11
    14	NSpid:	18
    15	NSpgid:	1
    16	NSsid:	1
    17	Kthread:	0
    18	VmPeak:	 3683604 kB
    19	VmSize:	 3683108 kB
    20	VmLck:	       0 kB
    21	VmPin:	       0 kB
    22	VmHWM:	  307616 kB
    23	VmRSS:	  307616 kB
    24	RssAnon:	  262292 kB
    25	RssFile:	   45324 kB
    26	RssShmem:	       0 kB
    27	VmData:	 3589748 kB
    28	VmStk:	     132 kB
    29	VmExe:	     456 kB
    30	VmLib:	   49804 kB
    31	VmPTE:	    1240 kB
    32	VmSwap:	       0 kB
    33	HugetlbPages:	       0 kB
    34	CoreDumping:	0
    35	THP_enabled:	1
    36	untag_mask:	0xffffffffffffff
    37	Threads:	35
    38	SigQ:	38/11641
    39	SigPnd:	0000000000040000
    40	ShdPnd:	0000000000040200
    41	SigBlk:	0000000600005007
    42	SigIgn:	0000000000000006
    43	SigCgt:	0000000141808ef8
    44	CapInh:	0000000000000000
    45	CapPrm:	00000000a80425fb
    46	CapEff:	00000000a80425fb
    47	CapBnd:	00000000a80425fb
    48	CapAmb:	0000000000000000
    49	NoNewPrivs:	0
    50	Seccomp:	2
    51	Seccomp_filters:	1
    52	Speculation_Store_Bypass:	vulnerable
    53	SpeculationIndirectBranch:	unknown
    54	Cpus_allowed:	02
    55	Cpus_allowed_list:	1
    56	Mems_allowed:	1
    57	Mems_allowed_list:	0
    58	voluntary_ctxt_switches:	31
    59	nonvoluntary_ctxt_switches:	4
     1	rchar: 0
     2	wchar: 0
     3	syscr: 0
     4	syscw: 0
     5	read_bytes: 0
     6	write_bytes: 0
     7	cancelled_write_bytes: 0
cat: /proc/11/task/19/stack: Permission denied
     1	Name:	Wt-128
     2	Umask:	0022
     3	State:	T (stopped)
     4	Tgid:	11
     5	Ngid:	0
     6	Pid:	19
     7	PPid:	9
     8	TracerPid:	0
     9	Uid:	0	0	0	0
    10	Gid:	0	0	0	0
    11	FDSize:	128
    12	Groups:	0 
    13	NStgid:	11
    14	NSpid:	19
    15	NSpgid:	1
    16	NSsid:	1
    17	Kthread:	0
    18	VmPeak:	 3683604 kB
    19	VmSize:	 3683108 kB
    20	VmLck:	       0 kB
    21	VmPin:	       0 kB
    22	VmHWM:	  307616 kB
    23	VmRSS:	  307616 kB
    24	RssAnon:	  262292 kB
    25	RssFile:	   45324 kB
    26	RssShmem:	       0 kB
    27	VmData:	 3589748 kB
    28	VmStk:	     132 kB
    29	VmExe:	     456 kB
    30	VmLib:	   49804 kB
    31	VmPTE:	    1240 kB
    32	VmSwap:	       0 kB
    33	HugetlbPages:	       0 kB
    34	CoreDumping:	0
    35	THP_enabled:	1
    36	untag_mask:	0xffffffffffffff
    37	Threads:	35
    38	SigQ:	38/11641
    39	SigPnd:	0000000000040000
    40	ShdPnd:	0000000000040200
    41	SigBlk:	0000000600005007
    42	SigIgn:	0000000000000006
    43	SigCgt:	0000000141808ef8
    44	CapInh:	0000000000000000
    45	CapPrm:	00000000a80425fb
    46	CapEff:	00000000a80425fb
    47	CapBnd:	00000000a80425fb
    48	CapAmb:	0000000000000000
    49	NoNewPrivs:	0
    50	Seccomp:	2
    51	Seccomp_filters:	1
    52	Speculation_Store_Bypass:	vulnerable
    53	SpeculationIndirectBranch:	unknown
    54	Cpus_allowed:	04
    55	Cpus_allowed_list:	2
    56	Mems_allowed:	1
    57	Mems_allowed_list:	0
    58	voluntary_ctxt_switches:	45
    59	nonvoluntary_ctxt_switches:	0
     1	rchar: 0
     2	wchar: 0
     3	syscr: 0
     4	syscw: 0
     5	read_bytes: 0
     6	write_bytes: 0
     7	cancelled_write_bytes: 0
cat: /proc/11/task/20/stack: Permission denied
     1	Name:	Wt-260
     2	Umask:	0022
     3	State:	T (stopped)
     4	Tgid:	11
     5	Ngid:	0
     6	Pid:	20
     7	PPid:	9
     8	TracerPid:	0
     9	Uid:	0	0	0	0
    10	Gid:	0	0	0	0
    11	FDSize:	128
    12	Groups:	0 
    13	NStgid:	11
    14	NSpid:	20
    15	NSpgid:	1
    16	NSsid:	1
    17	Kthread:	0
    18	VmPeak:	 3683604 kB
    19	VmSize:	 3683108 kB
    20	VmLck:	       0 kB
    21	VmPin:	       0 kB
    22	VmHWM:	  307616 kB
    23	VmRSS:	  307616 kB
    24	RssAnon:	  262292 kB
    25	RssFile:	   45324 kB
    26	RssShmem:	       0 kB
    27	VmData:	 3589748 kB
    28	VmStk:	     132 kB
    29	VmExe:	     456 kB
    30	VmLib:	   49804 kB
    31	VmPTE:	    1240 kB
    32	VmSwap:	       0 kB
    33	HugetlbPages:	       0 kB
    34	CoreDumping:	0
    35	THP_enabled:	1
    36	untag_mask:	0xffffffffffffff
    37	Threads:	35
    38	SigQ:	38/11641
    39	SigPnd:	0000000000040000
    40	ShdPnd:	0000000000040200
    41	SigBlk:	0000000600005007
    42	SigIgn:	0000000000000006
    43	SigCgt:	0000000141808ef8
    44	CapInh:	0000000000000000
    45	CapPrm:	00000000a80425fb
    46	CapEff:	00000000a80425fb
    47	CapBnd:	00000000a80425fb
    48	CapAmb:	0000000000000000
    49	NoNewPrivs:	0
    50	Seccomp:	2
    51	Seccomp_filters:	1
    52	Speculation_Store_Bypass:	vulnerable
    53	SpeculationIndirectBranch:	unknown
    54	Cpus_allowed:	08
    55	Cpus_allowed_list:	3
    56	Mems_allowed:	1
    57	Mems_allowed_list:	0
    58	voluntary_ctxt_switches:	43
    59	nonvoluntary_ctxt_switches:	0
     1	rchar: 0
     2	wchar: 0
     3	syscr: 0
     4	syscw: 0
     5	read_bytes: 0
     6	write_bytes: 0
     7	cancelled_write_bytes: 0
cat: /proc/11/task/21/stack: Permission denied
     1	Name:	Wt-352
     2	Umask:	0022
     3	State:	T (stopped)
     4	Tgid:	11
     5	Ngid:	0
     6	Pid:	21
     7	PPid:	9
     8	TracerPid:	0
     9	Uid:	0	0	0	0
    10	Gid:	0	0	0	0
    11	FDSize:	128
    12	Groups:	0 
    13	NStgid:	11
    14	NSpid:	21
    15	NSpgid:	1
    16	NSsid:	1
    17	Kthread:	0
    18	VmPeak:	 3683604 kB
    19	VmSize:	 3683108 kB
    20	VmLck:	       0 kB
    21	VmPin:	       0 kB
    22	VmHWM:	  307616 kB
    23	VmRSS:	  307616 kB
    24	RssAnon:	  262292 kB
    25	RssFile:	   45324 kB
    26	RssShmem:	       0 kB
    27	VmData:	 3589748 kB
    28	VmStk:	     132 kB
    29	VmExe:	     456 kB
    30	VmLib:	   49804 kB
    31	VmPTE:	    1240 kB
    32	VmSwap:	       0 kB
    33	HugetlbPages:	       0 kB
    34	CoreDumping:	0
    35	THP_enabled:	1
    36	untag_mask:	0xffffffffffffff
    37	Threads:	35
    38	SigQ:	38/11641
    39	SigPnd:	0000000000040000
    40	ShdPnd:	0000000000040200
    41	SigBlk:	0000000600005007
    42	SigIgn:	0000000000000006
    43	SigCgt:	0000000141808ef8
    44	CapInh:	0000000000000000
    45	CapPrm:	00000000a80425fb
    46	CapEff:	00000000a80425fb
    47	CapBnd:	00000000a80425fb
    48	CapAmb:	0000000000000000
    49	NoNewPrivs:	0
    50	Seccomp:	2
    51	Seccomp_filters:	1
    52	Speculation_Store_Bypass:	vulnerable
    53	SpeculationIndirectBranch:	unknown
    54	Cpus_allowed:	10
    55	Cpus_allowed_list:	4
    56	Mems_allowed:	1
    57	Mems_allowed_list:	0
    58	voluntary_ctxt_switches:	27
    59	nonvoluntary_ctxt_switches:	2
     1	rchar: 0
     2	wchar: 0
     3	syscr: 0
     4	syscw: 0
     5	read_bytes: 0
     6	write_bytes: 0
     7	cancelled_write_bytes: 0
cat: /proc/11/task/22/stack: Permission denied
     1	Name:	Wt-76
     2	Umask:	0022
     3	State:	T (stopped)
     4	Tgid:	11
     5	Ngid:	0
     6	Pid:	22
     7	PPid:	9
     8	TracerPid:	0
     9	Uid:	0	0	0	0
    10	Gid:	0	0	0	0
    11	FDSize:	128
    12	Groups:	0 
    13	NStgid:	11
    14	NSpid:	22
    15	NSpgid:	1
    16	NSsid:	1
    17	Kthread:	0
    18	VmPeak:	 3683604 kB
    19	VmSize:	 3683108 kB
    20	VmLck:	       0 kB
    21	VmPin:	       0 kB
    22	VmHWM:	  307616 kB
    23	VmRSS:	  307616 kB
    24	RssAnon:	  262292 kB
    25	RssFile:	   45324 kB
    26	RssShmem:	       0 kB
    27	VmData:	 3589748 kB
    28	VmStk:	     132 kB
    29	VmExe:	     456 kB
    30	VmLib:	   49804 kB
    31	VmPTE:	    1240 kB
    32	VmSwap:	       0 kB
    33	HugetlbPages:	       0 kB
    34	CoreDumping:	0
    35	THP_enabled:	1
    36	untag_mask:	0xffffffffffffff
    37	Threads:	35
    38	SigQ:	38/11641
    39	SigPnd:	0000000000040000
    40	ShdPnd:	0000000000040200
    41	SigBlk:	0000000600005007
    42	SigIgn:	0000000000000006
    43	SigCgt:	0000000141808ef8
    44	CapInh:	0000000000000000
    45	CapPrm:	00000000a80425fb
    46	CapEff:	00000000a80425fb
    47	CapBnd:	00000000a80425fb
    48	CapAmb:	0000000000000000
    49	NoNewPrivs:	0
    50	Seccomp:	2
    51	Seccomp_filters:	1
    52	Speculation_Store_Bypass:	vulnerable
    53	SpeculationIndirectBranch:	unknown
    54	Cpus_allowed:	20
    55	Cpus_allowed_list:	5
    56	Mems_allowed:	1
    57	Mems_allowed_list:	0
    58	voluntary_ctxt_switches:	31
    59	nonvoluntary_ctxt_switches:	1
     1	rchar: 788448
     2	wchar: 56
     3	syscr: 116
     4	syscw: 4
     5	read_bytes: 0
     6	write_bytes: 0
     7	cancelled_write_bytes: 0
cat: /proc/11/task/23/stack: Permission denied
     1	Name:	Wt-372
     2	Umask:	0022
     3	State:	T (stopped)
     4	Tgid:	11
     5	Ngid:	0
     6	Pid:	23
     7	PPid:	9
     8	TracerPid:	0
     9	Uid:	0	0	0	0
    10	Gid:	0	0	0	0
    11	FDSize:	128
    12	Groups:	0 
    13	NStgid:	11
    14	NSpid:	23
    15	NSpgid:	1
    16	NSsid:	1
    17	Kthread:	0
    18	VmPeak:	 3683604 kB
    19	VmSize:	 3683108 kB
    20	VmLck:	       0 kB
    21	VmPin:	       0 kB
    22	VmHWM:	  307616 kB
    23	VmRSS:	  307616 kB
    24	RssAnon:	  262292 kB
    25	RssFile:	   45324 kB
    26	RssShmem:	       0 kB
    27	VmData:	 3589748 kB
    28	VmStk:	     132 kB
    29	VmExe:	     456 kB
    30	VmLib:	   49804 kB
    31	VmPTE:	    1240 kB
    32	VmSwap:	       0 kB
    33	HugetlbPages:	       0 kB
    34	CoreDumping:	0
    35	THP_enabled:	1
    36	untag_mask:	0xffffffffffffff
    37	Threads:	35
    38	SigQ:	38/11641
    39	SigPnd:	0000000000040000
    40	ShdPnd:	0000000000040200
    41	SigBlk:	0000000600005007
    42	SigIgn:	0000000000000006
    43	SigCgt:	0000000141808ef8
    44	CapInh:	0000000000000000
    45	CapPrm:	00000000a80425fb
    46	CapEff:	00000000a80425fb
    47	CapBnd:	00000000a80425fb
    48	CapAmb:	0000000000000000
    49	NoNewPrivs:	0
    50	Seccomp:	2
    51	Seccomp_filters:	1
    52	Speculation_Store_Bypass:	vulnerable
    53	SpeculationIndirectBranch:	unknown
    54	Cpus_allowed:	40
    55	Cpus_allowed_list:	6
    56	Mems_allowed:	1
    57	Mems_allowed_list:	0
    58	voluntary_ctxt_switches:	150
    59	nonvoluntary_ctxt_switches:	6
     1	rchar: 0
     2	wchar: 0
     3	syscr: 0
     4	syscw: 0
     5	read_bytes: 0
     6	write_bytes: 0
     7	cancelled_write_bytes: 0
cat: /proc/11/task/24/stack: Permission denied
     1	Name:	Wt-108
     2	Umask:	0022
     3	State:	T (stopped)
     4	Tgid:	11
     5	Ngid:	0
     6	Pid:	24
     7	PPid:	9
     8	TracerPid:	0
     9	Uid:	0	0	0	0
    10	Gid:	0	0	0	0
    11	FDSize:	128
    12	Groups:	0 
    13	NStgid:	11
    14	NSpid:	24
    15	NSpgid:	1
    16	NSsid:	1
    17	Kthread:	0
    18	VmPeak:	 3683604 kB
    19	VmSize:	 3683108 kB
    20	VmLck:	       0 kB
    21	VmPin:	       0 kB
    22	VmHWM:	  307616 kB
    23	VmRSS:	  307616 kB
    24	RssAnon:	  262292 kB
    25	RssFile:	   45324 kB
    26	RssShmem:	       0 kB
    27	VmData:	 3589748 kB
    28	VmStk:	     132 kB
    29	VmExe:	     456 kB
    30	VmLib:	   49804 kB
    31	VmPTE:	    1240 kB
    32	VmSwap:	       0 kB
    33	HugetlbPages:	       0 kB
    34	CoreDumping:	0
    35	THP_enabled:	1
    36	untag_mask:	0xffffffffffffff
    37	Threads:	35
    38	SigQ:	38/11641
    39	SigPnd:	0000000000040000
    40	ShdPnd:	0000000000040200
    41	SigBlk:	0000000600005007
    42	SigIgn:	0000000000000006
    43	SigCgt:	0000000141808ef8
    44	CapInh:	0000000000000000
    45	CapPrm:	00000000a80425fb
    46	CapEff:	00000000a80425fb
    47	CapBnd:	00000000a80425fb
    48	CapAmb:	0000000000000000
    49	NoNewPrivs:	0
    50	Seccomp:	2
    51	Seccomp_filters:	1
    52	Speculation_Store_Bypass:	vulnerable
    53	SpeculationIndirectBranch:	unknown
    54	Cpus_allowed:	80
    55	Cpus_allowed_list:	7
    56	Mems_allowed:	1
    57	Mems_allowed_list:	0
    58	voluntary_ctxt_switches:	1710
    59	nonvoluntary_ctxt_switches:	5
     1	rchar: 0
     2	wchar: 0
     3	syscr: 0
     4	syscw: 0
     5	read_bytes: 0
     6	write_bytes: 0
     7	cancelled_write_bytes: 0
cat: /proc/11/task/25/stack: Permission denied
     1	Name:	#SchedMonitor
     2	Umask:	0022
     3	State:	T (stopped)
     4	Tgid:	11
     5	Ngid:	0
     6	Pid:	25
     7	PPid:	9
     8	TracerPid:	0
     9	Uid:	0	0	0	0
    10	Gid:	0	0	0	0
    11	FDSize:	128
    12	Groups:	0 
    13	NStgid:	11
    14	NSpid:	25
    15	NSpgid:	1
    16	NSsid:	1
    17	Kthread:	0
    18	VmPeak:	 3683604 kB
    19	VmSize:	 3683108 kB
    20	VmLck:	       0 kB
    21	VmPin:	       0 kB
    22	VmHWM:	  307616 kB
    23	VmRSS:	  307616 kB
    24	RssAnon:	  262292 kB
    25	RssFile:	   45324 kB
    26	RssShmem:	       0 kB
    27	VmData:	 3589748 kB
    28	VmStk:	     132 kB
    29	VmExe:	     456 kB
    30	VmLib:	   49804 kB
    31	VmPTE:	    1240 kB
    32	VmSwap:	       0 kB
    33	HugetlbPages:	       0 kB
    34	CoreDumping:	0
    35	THP_enabled:	1
    36	untag_mask:	0xffffffffffffff
    37	Threads:	35
    38	SigQ:	38/11641
    39	SigPnd:	0000000000040000
    40	ShdPnd:	0000000000040200
    41	SigBlk:	0000000600005007
    42	SigIgn:	0000000000000006
    43	SigCgt:	0000000141808ef8
    44	CapInh:	0000000000000000
    45	CapPrm:	00000000a80425fb
    46	CapEff:	00000000a80425fb
    47	CapBnd:	00000000a80425fb
    48	CapAmb:	0000000000000000
    49	NoNewPrivs:	0
    50	Seccomp:	2
    51	Seccomp_filters:	1
    52	Speculation_Store_Bypass:	vulnerable
    53	SpeculationIndirectBranch:	unknown
    54	Cpus_allowed:	ff
    55	Cpus_allowed_list:	0-7
    56	Mems_allowed:	1
    57	Mems_allowed_list:	0
    58	voluntary_ctxt_switches:	302
    59	nonvoluntary_ctxt_switches:	0
     1	rchar: 0
     2	wchar: 0
     3	syscr: 0
     4	syscw: 0
     5	read_bytes: 0
     6	write_bytes: 0
     7	cancelled_write_bytes: 0
cat: /proc/11/task/26/stack: Permission denied
     1	Name:	#NetworkIoPump
     2	Umask:	0022
     3	State:	T (stopped)
     4	Tgid:	11
     5	Ngid:	0
     6	Pid:	26
     7	PPid:	9
     8	TracerPid:	0
     9	Uid:	0	0	0	0
    10	Gid:	0	0	0	0
    11	FDSize:	128
    12	Groups:	0 
    13	NStgid:	11
    14	NSpid:	26
    15	NSpgid:	1
    16	NSsid:	1
    17	Kthread:	0
    18	VmPeak:	 3683604 kB
    19	VmSize:	 3683108 kB
    20	VmLck:	       0 kB
    21	VmPin:	       0 kB
    22	VmHWM:	  307616 kB
    23	VmRSS:	  307616 kB
    24	RssAnon:	  262292 kB
    25	RssFile:	   45324 kB
    26	RssShmem:	       0 kB
    27	VmData:	 3589748 kB
    28	VmStk:	     132 kB
    29	VmExe:	     456 kB
    30	VmLib:	   49804 kB
    31	VmPTE:	    1240 kB
    32	VmSwap:	       0 kB
    33	HugetlbPages:	       0 kB
    34	CoreDumping:	0
    35	THP_enabled:	1
    36	untag_mask:	0xffffffffffffff
    37	Threads:	35
    38	SigQ:	38/11641
    39	SigPnd:	0000000000040000
    40	ShdPnd:	0000000000040200
    41	SigBlk:	0000000600005007
    42	SigIgn:	0000000000000006
    43	SigCgt:	0000000141808ef8
    44	CapInh:	0000000000000000
    45	CapPrm:	00000000a80425fb
    46	CapEff:	00000000a80425fb
    47	CapBnd:	00000000a80425fb
    48	CapAmb:	0000000000000000
    49	NoNewPrivs:	0
    50	Seccomp:	2
    51	Seccomp_filters:	1
    52	Speculation_Store_Bypass:	vulnerable
    53	SpeculationIndirectBranch:	unknown
    54	Cpus_allowed:	ff
    55	Cpus_allowed_list:	0-7
    56	Mems_allowed:	1
    57	Mems_allowed_list:	0
    58	voluntary_ctxt_switches:	52
    59	nonvoluntary_ctxt_switches:	1
     1	rchar: 0
     2	wchar: 0
     3	syscr: 0
     4	syscw: 0
     5	read_bytes: 0
     6	write_bytes: 0
     7	cancelled_write_bytes: 0
cat: /proc/11/task/27/stack: Permission denied
     1	Name:	#NetworkIoPump
     2	Umask:	0022
     3	State:	T (stopped)
     4	Tgid:	11
     5	Ngid:	0
     6	Pid:	27
     7	PPid:	9
     8	TracerPid:	0
     9	Uid:	0	0	0	0
    10	Gid:	0	0	0	0
    11	FDSize:	128
    12	Groups:	0 
    13	NStgid:	11
    14	NSpid:	27
    15	NSpgid:	1
    16	NSsid:	1
    17	Kthread:	0
    18	VmPeak:	 3683604 kB
    19	VmSize:	 3683108 kB
    20	VmLck:	       0 kB
    21	VmPin:	       0 kB
    22	VmHWM:	  307616 kB
    23	VmRSS:	  307616 kB
    24	RssAnon:	  262292 kB
    25	RssFile:	   45324 kB
    26	RssShmem:	       0 kB
    27	VmData:	 3589748 kB
    28	VmStk:	     132 kB
    29	VmExe:	     456 kB
    30	VmLib:	   49804 kB
    31	VmPTE:	    1240 kB
    32	VmSwap:	       0 kB
    33	HugetlbPages:	       0 kB
    34	CoreDumping:	0
    35	THP_enabled:	1
    36	untag_mask:	0xffffffffffffff
    37	Threads:	35
    38	SigQ:	38/11641
    39	SigPnd:	0000000000040000
    40	ShdPnd:	0000000000040200
    41	SigBlk:	0000000600005007
    42	SigIgn:	0000000000000006
    43	SigCgt:	0000000141808ef8
    44	CapInh:	0000000000000000
    45	CapPrm:	00000000a80425fb
    46	CapEff:	00000000a80425fb
    47	CapBnd:	00000000a80425fb
    48	CapAmb:	0000000000000000
    49	NoNewPrivs:	0
    50	Seccomp:	2
    51	Seccomp_filters:	1
    52	Speculation_Store_Bypass:	vulnerable
    53	SpeculationIndirectBranch:	unknown
    54	Cpus_allowed:	ff
    55	Cpus_allowed_list:	0-7
    56	Mems_allowed:	1
    57	Mems_allowed_list:	0
    58	voluntary_ctxt_switches:	49
    59	nonvoluntary_ctxt_switches:	0
     1	rchar: 0
     2	wchar: 0
     3	syscr: 0
     4	syscw: 0
     5	read_bytes: 0
     6	write_bytes: 0
     7	cancelled_write_bytes: 0
cat: /proc/11/task/28/stack: Permission denied
     1	Name:	#NetworkIoPump
     2	Umask:	0022
     3	State:	T (stopped)
     4	Tgid:	11
     5	Ngid:	0
     6	Pid:	28
     7	PPid:	9
     8	TracerPid:	0
     9	Uid:	0	0	0	0
    10	Gid:	0	0	0	0
    11	FDSize:	128
    12	Groups:	0 
    13	NStgid:	11
    14	NSpid:	28
    15	NSpgid:	1
    16	NSsid:	1
    17	Kthread:	0
    18	VmPeak:	 3683604 kB
    19	VmSize:	 3683108 kB
    20	VmLck:	       0 kB
    21	VmPin:	       0 kB
    22	VmHWM:	  307616 kB
    23	VmRSS:	  307616 kB
    24	RssAnon:	  262292 kB
    25	RssFile:	   45324 kB
    26	RssShmem:	       0 kB
    27	VmData:	 3589748 kB
    28	VmStk:	     132 kB
    29	VmExe:	     456 kB
    30	VmLib:	   49804 kB
    31	VmPTE:	    1240 kB
    32	VmSwap:	       0 kB
    33	HugetlbPages:	       0 kB
    34	CoreDumping:	0
    35	THP_enabled:	1
    36	untag_mask:	0xffffffffffffff
    37	Threads:	35
    38	SigQ:	38/11641
    39	SigPnd:	0000000000040000
    40	ShdPnd:	0000000000040200
    41	SigBlk:	0000000600005007
    42	SigIgn:	0000000000000006
    43	SigCgt:	0000000141808ef8
    44	CapInh:	0000000000000000
    45	CapPrm:	00000000a80425fb
    46	CapEff:	00000000a80425fb
    47	CapBnd:	00000000a80425fb
    48	CapAmb:	0000000000000000
    49	NoNewPrivs:	0
    50	Seccomp:	2
    51	Seccomp_filters:	1
    52	Speculation_Store_Bypass:	vulnerable
    53	SpeculationIndirectBranch:	unknown
    54	Cpus_allowed:	ff
    55	Cpus_allowed_list:	0-7
    56	Mems_allowed:	1
    57	Mems_allowed_list:	0
    58	voluntary_ctxt_switches:	46
    59	nonvoluntary_ctxt_switches:	0
     1	rchar: 0
     2	wchar: 0
     3	syscr: 0
     4	syscw: 0
     5	read_bytes: 0
     6	write_bytes: 0
     7	cancelled_write_bytes: 0
cat: /proc/11/task/29/stack: Permission denied
     1	Name:	#NetworkIoPump
     2	Umask:	0022
     3	State:	T (stopped)
     4	Tgid:	11
     5	Ngid:	0
     6	Pid:	29
     7	PPid:	9
     8	TracerPid:	0
     9	Uid:	0	0	0	0
    10	Gid:	0	0	0	0
    11	FDSize:	128
    12	Groups:	0 
    13	NStgid:	11
    14	NSpid:	29
    15	NSpgid:	1
    16	NSsid:	1
    17	Kthread:	0
    18	VmPeak:	 3683604 kB
    19	VmSize:	 3683108 kB
    20	VmLck:	       0 kB
    21	VmPin:	       0 kB
    22	VmHWM:	  307616 kB
    23	VmRSS:	  307616 kB
    24	RssAnon:	  262292 kB
    25	RssFile:	   45324 kB
    26	RssShmem:	       0 kB
    27	VmData:	 3589748 kB
    28	VmStk:	     132 kB
    29	VmExe:	     456 kB
    30	VmLib:	   49804 kB
    31	VmPTE:	    1240 kB
    32	VmSwap:	       0 kB
    33	HugetlbPages:	       0 kB
    34	CoreDumping:	0
    35	THP_enabled:	1
    36	untag_mask:	0xffffffffffffff
    37	Threads:	35
    38	SigQ:	38/11641
    39	SigPnd:	0000000000040000
    40	ShdPnd:	0000000000040200
    41	SigBlk:	0000000600005007
    42	SigIgn:	0000000000000006
    43	SigCgt:	0000000141808ef8
    44	CapInh:	0000000000000000
    45	CapPrm:	00000000a80425fb
    46	CapEff:	00000000a80425fb
    47	CapBnd:	00000000a80425fb
    48	CapAmb:	0000000000000000
    49	NoNewPrivs:	0
    50	Seccomp:	2
    51	Seccomp_filters:	1
    52	Speculation_Store_Bypass:	vulnerable
    53	SpeculationIndirectBranch:	unknown
    54	Cpus_allowed:	ff
    55	Cpus_allowed_list:	0-7
    56	Mems_allowed:	1
    57	Mems_allowed_list:	0
    58	voluntary_ctxt_switches:	36
    59	nonvoluntary_ctxt_switches:	0
     1	rchar: 0
     2	wchar: 0
     3	syscr: 0
     4	syscw: 0
     5	read_bytes: 0
     6	write_bytes: 0
     7	cancelled_write_bytes: 0
cat: /proc/11/task/30/stack: Permission denied
     1	Name:	#NetworkIoPump
     2	Umask:	0022
     3	State:	T (stopped)
     4	Tgid:	11
     5	Ngid:	0
     6	Pid:	30
     7	PPid:	9
     8	TracerPid:	0
     9	Uid:	0	0	0	0
    10	Gid:	0	0	0	0
    11	FDSize:	128
    12	Groups:	0 
    13	NStgid:	11
    14	NSpid:	30
    15	NSpgid:	1
    16	NSsid:	1
    17	Kthread:	0
    18	VmPeak:	 3683604 kB
    19	VmSize:	 3683108 kB
    20	VmLck:	       0 kB
    21	VmPin:	       0 kB
    22	VmHWM:	  307616 kB
    23	VmRSS:	  307616 kB
    24	RssAnon:	  262292 kB
    25	RssFile:	   45324 kB
    26	RssShmem:	       0 kB
    27	VmData:	 3589748 kB
    28	VmStk:	     132 kB
    29	VmExe:	     456 kB
    30	VmLib:	   49804 kB
    31	VmPTE:	    1240 kB
    32	VmSwap:	       0 kB
    33	HugetlbPages:	       0 kB
    34	CoreDumping:	0
    35	THP_enabled:	1
    36	untag_mask:	0xffffffffffffff
    37	Threads:	35
    38	SigQ:	38/11641
    39	SigPnd:	0000000000040000
    40	ShdPnd:	0000000000040200
    41	SigBlk:	0000000600005007
    42	SigIgn:	0000000000000006
    43	SigCgt:	0000000141808ef8
    44	CapInh:	0000000000000000
    45	CapPrm:	00000000a80425fb
    46	CapEff:	00000000a80425fb
    47	CapBnd:	00000000a80425fb
    48	CapAmb:	0000000000000000
    49	NoNewPrivs:	0
    50	Seccomp:	2
    51	Seccomp_filters:	1
    52	Speculation_Store_Bypass:	vulnerable
    53	SpeculationIndirectBranch:	unknown
    54	Cpus_allowed:	ff
    55	Cpus_allowed_list:	0-7
    56	Mems_allowed:	1
    57	Mems_allowed_list:	0
    58	voluntary_ctxt_switches:	36
    59	nonvoluntary_ctxt_switches:	1
     1	rchar: 0
     2	wchar: 0
     3	syscr: 0
     4	syscw: 0
     5	read_bytes: 0
     6	write_bytes: 0
     7	cancelled_write_bytes: 0
cat: /proc/11/task/31/stack: Permission denied
     1	Name:	#NetworkIoPump
     2	Umask:	0022
     3	State:	T (stopped)
     4	Tgid:	11
     5	Ngid:	0
     6	Pid:	31
     7	PPid:	9
     8	TracerPid:	0
     9	Uid:	0	0	0	0
    10	Gid:	0	0	0	0
    11	FDSize:	128
    12	Groups:	0 
    13	NStgid:	11
    14	NSpid:	31
    15	NSpgid:	1
    16	NSsid:	1
    17	Kthread:	0
    18	VmPeak:	 3683604 kB
    19	VmSize:	 3683108 kB
    20	VmLck:	       0 kB
    21	VmPin:	       0 kB
    22	VmHWM:	  307616 kB
    23	VmRSS:	  307616 kB
    24	RssAnon:	  262292 kB
    25	RssFile:	   45324 kB
    26	RssShmem:	       0 kB
    27	VmData:	 3589748 kB
    28	VmStk:	     132 kB
    29	VmExe:	     456 kB
    30	VmLib:	   49804 kB
    31	VmPTE:	    1240 kB
    32	VmSwap:	       0 kB
    33	HugetlbPages:	       0 kB
    34	CoreDumping:	0
    35	THP_enabled:	1
    36	untag_mask:	0xffffffffffffff
    37	Threads:	35
    38	SigQ:	38/11641
    39	SigPnd:	0000000000040000
    40	ShdPnd:	0000000000040200
    41	SigBlk:	0000000600005007
    42	SigIgn:	0000000000000006
    43	SigCgt:	0000000141808ef8
    44	CapInh:	0000000000000000
    45	CapPrm:	00000000a80425fb
    46	CapEff:	00000000a80425fb
    47	CapBnd:	00000000a80425fb
    48	CapAmb:	0000000000000000
    49	NoNewPrivs:	0
    50	Seccomp:	2
    51	Seccomp_filters:	1
    52	Speculation_Store_Bypass:	vulnerable
    53	SpeculationIndirectBranch:	unknown
    54	Cpus_allowed:	ff
    55	Cpus_allowed_list:	0-7
    56	Mems_allowed:	1
    57	Mems_allowed_list:	0
    58	voluntary_ctxt_switches:	38
    59	nonvoluntary_ctxt_switches:	1
     1	rchar: 0
     2	wchar: 0
     3	syscr: 0
     4	syscw: 0
     5	read_bytes: 0
     6	write_bytes: 0
     7	cancelled_write_bytes: 0
cat: /proc/11/task/32/stack: Permission denied
     1	Name:	#NetworkIoPump
     2	Umask:	0022
     3	State:	T (stopped)
     4	Tgid:	11
     5	Ngid:	0
     6	Pid:	32
     7	PPid:	9
     8	TracerPid:	0
     9	Uid:	0	0	0	0
    10	Gid:	0	0	0	0
    11	FDSize:	128
    12	Groups:	0 
    13	NStgid:	11
    14	NSpid:	32
    15	NSpgid:	1
    16	NSsid:	1
    17	Kthread:	0
    18	VmPeak:	 3683604 kB
    19	VmSize:	 3683108 kB
    20	VmLck:	       0 kB
    21	VmPin:	       0 kB
    22	VmHWM:	  307616 kB
    23	VmRSS:	  307616 kB
    24	RssAnon:	  262292 kB
    25	RssFile:	   45324 kB
    26	RssShmem:	       0 kB
    27	VmData:	 3589748 kB
    28	VmStk:	     132 kB
    29	VmExe:	     456 kB
    30	VmLib:	   49804 kB
    31	VmPTE:	    1240 kB
    32	VmSwap:	       0 kB
    33	HugetlbPages:	       0 kB
    34	CoreDumping:	0
    35	THP_enabled:	1
    36	untag_mask:	0xffffffffffffff
    37	Threads:	35
    38	SigQ:	38/11641
    39	SigPnd:	0000000000040000
    40	ShdPnd:	0000000000040200
    41	SigBlk:	0000000600005007
    42	SigIgn:	0000000000000006
    43	SigCgt:	0000000141808ef8
    44	CapInh:	0000000000000000
    45	CapPrm:	00000000a80425fb
    46	CapEff:	00000000a80425fb
    47	CapBnd:	00000000a80425fb
    48	CapAmb:	0000000000000000
    49	NoNewPrivs:	0
    50	Seccomp:	2
    51	Seccomp_filters:	1
    52	Speculation_Store_Bypass:	vulnerable
    53	SpeculationIndirectBranch:	unknown
    54	Cpus_allowed:	ff
    55	Cpus_allowed_list:	0-7
    56	Mems_allowed:	1
    57	Mems_allowed_list:	0
    58	voluntary_ctxt_switches:	31
    59	nonvoluntary_ctxt_switches:	0
     1	rchar: 46264
     2	wchar: 0
     3	syscr: 18
     4	syscw: 0
     5	read_bytes: 0
     6	write_bytes: 0
     7	cancelled_write_bytes: 0
cat: /proc/11/task/33/stack: Permission denied
     1	Name:	#FileIoPump
     2	Umask:	0022
     3	State:	T (stopped)
     4	Tgid:	11
     5	Ngid:	0
     6	Pid:	33
     7	PPid:	9
     8	TracerPid:	0
     9	Uid:	0	0	0	0
    10	Gid:	0	0	0	0
    11	FDSize:	128
    12	Groups:	0 
    13	NStgid:	11
    14	NSpid:	33
    15	NSpgid:	1
    16	NSsid:	1
    17	Kthread:	0
    18	VmPeak:	 3683604 kB
    19	VmSize:	 3683108 kB
    20	VmLck:	       0 kB
    21	VmPin:	       0 kB
    22	VmHWM:	  307616 kB
    23	VmRSS:	  307616 kB
    24	RssAnon:	  262292 kB
    25	RssFile:	   45324 kB
    26	RssShmem:	       0 kB
    27	VmData:	 3589748 kB
    28	VmStk:	     132 kB
    29	VmExe:	     456 kB
    30	VmLib:	   49804 kB
    31	VmPTE:	    1240 kB
    32	VmSwap:	       0 kB
    33	HugetlbPages:	       0 kB
    34	CoreDumping:	0
    35	THP_enabled:	1
    36	untag_mask:	0xffffffffffffff
    37	Threads:	35
    38	SigQ:	38/11641
    39	SigPnd:	0000000000040000
    40	ShdPnd:	0000000000040200
    41	SigBlk:	0000000600005007
    42	SigIgn:	0000000000000006
    43	SigCgt:	0000000141808ef8
    44	CapInh:	0000000000000000
    45	CapPrm:	00000000a80425fb
    46	CapEff:	00000000a80425fb
    47	CapBnd:	00000000a80425fb
    48	CapAmb:	0000000000000000
    49	NoNewPrivs:	0
    50	Seccomp:	2
    51	Seccomp_filters:	1
    52	Speculation_Store_Bypass:	vulnerable
    53	SpeculationIndirectBranch:	unknown
    54	Cpus_allowed:	ff
    55	Cpus_allowed_list:	0-7
    56	Mems_allowed:	1
    57	Mems_allowed_list:	0
    58	voluntary_ctxt_switches:	41
    59	nonvoluntary_ctxt_switches:	1
     1	rchar: 0
     2	wchar: 0
     3	syscr: 0
     4	syscw: 0
     5	read_bytes: 0
     6	write_bytes: 0
     7	cancelled_write_bytes: 0
cat: /proc/11/task/34/stack: Permission denied
     1	Name:	#NetworkIoPump
     2	Umask:	0022
     3	State:	T (stopped)
     4	Tgid:	11
     5	Ngid:	0
     6	Pid:	34
     7	PPid:	9
     8	TracerPid:	0
     9	Uid:	0	0	0	0
    10	Gid:	0	0	0	0
    11	FDSize:	128
    12	Groups:	0 
    13	NStgid:	11
    14	NSpid:	34
    15	NSpgid:	1
    16	NSsid:	1
    17	Kthread:	0
    18	VmPeak:	 3683604 kB
    19	VmSize:	 3683108 kB
    20	VmLck:	       0 kB
    21	VmPin:	       0 kB
    22	VmHWM:	  307616 kB
    23	VmRSS:	  307616 kB
    24	RssAnon:	  262292 kB
    25	RssFile:	   45324 kB
    26	RssShmem:	       0 kB
    27	VmData:	 3589748 kB
    28	VmStk:	     132 kB
    29	VmExe:	     456 kB
    30	VmLib:	   49804 kB
    31	VmPTE:	    1240 kB
    32	VmSwap:	       0 kB
    33	HugetlbPages:	       0 kB
    34	CoreDumping:	0
    35	THP_enabled:	1
    36	untag_mask:	0xffffffffffffff
    37	Threads:	35
    38	SigQ:	38/11641
    39	SigPnd:	0000000000040000
    40	ShdPnd:	0000000000040200
    41	SigBlk:	0000000600005007
    42	SigIgn:	0000000000000006
    43	SigCgt:	0000000141808ef8
    44	CapInh:	0000000000000000
    45	CapPrm:	00000000a80425fb
    46	CapEff:	00000000a80425fb
    47	CapBnd:	00000000a80425fb
    48	CapAmb:	0000000000000000
    49	NoNewPrivs:	0
    50	Seccomp:	2
    51	Seccomp_filters:	1
    52	Speculation_Store_Bypass:	vulnerable
    53	SpeculationIndirectBranch:	unknown
    54	Cpus_allowed:	ff
    55	Cpus_allowed_list:	0-7
    56	Mems_allowed:	1
    57	Mems_allowed_list:	0
    58	voluntary_ctxt_switches:	28
    59	nonvoluntary_ctxt_switches:	3
     1	rchar: 2448
     2	wchar: 4883
     3	syscr: 4
     4	syscw: 3
     5	read_bytes: 0
     6	write_bytes: 3507
     7	cancelled_write_bytes: 0
cat: /proc/11/task/35/stack: Permission denied
     1	Name:	#RegFlush
     2	Umask:	0022
     3	State:	T (stopped)
     4	Tgid:	11
     5	Ngid:	0
     6	Pid:	35
     7	PPid:	9
     8	TracerPid:	0
     9	Uid:	0	0	0	0
    10	Gid:	0	0	0	0
    11	FDSize:	128
    12	Groups:	0 
    13	NStgid:	11
    14	NSpid:	35
    15	NSpgid:	1
    16	NSsid:	1
    17	Kthread:	0
    18	VmPeak:	 3683604 kB
    19	VmSize:	 3683108 kB
    20	VmLck:	       0 kB
    21	VmPin:	       0 kB
    22	VmHWM:	  307616 kB
    23	VmRSS:	  307616 kB
    24	RssAnon:	  262292 kB
    25	RssFile:	   45324 kB
    26	RssShmem:	       0 kB
    27	VmData:	 3589748 kB
    28	VmStk:	     132 kB
    29	VmExe:	     456 kB
    30	VmLib:	   49804 kB
    31	VmPTE:	    1240 kB
    32	VmSwap:	       0 kB
    33	HugetlbPages:	       0 kB
    34	CoreDumping:	0
    35	THP_enabled:	1
    36	untag_mask:	0xffffffffffffff
    37	Threads:	35
    38	SigQ:	38/11641
    39	SigPnd:	0000000000040000
    40	ShdPnd:	0000000000040200
    41	SigBlk:	0000000600005007
    42	SigIgn:	0000000000000006
    43	SigCgt:	0000000141808ef8
    44	CapInh:	0000000000000000
    45	CapPrm:	00000000a80425fb
    46	CapEff:	00000000a80425fb
    47	CapBnd:	00000000a80425fb
    48	CapAmb:	0000000000000000
    49	NoNewPrivs:	0
    50	Seccomp:	2
    51	Seccomp_filters:	1
    52	Speculation_Store_Bypass:	vulnerable
    53	SpeculationIndirectBranch:	unknown
    54	Cpus_allowed:	ff
    55	Cpus_allowed_list:	0-7
    56	Mems_allowed:	1
    57	Mems_allowed_list:	0
    58	voluntary_ctxt_switches:	350
    59	nonvoluntary_ctxt_switches:	3
     1	rchar: 0
     2	wchar: 0
     3	syscr: 0
     4	syscw: 0
     5	read_bytes: 0
     6	write_bytes: 0
     7	cancelled_write_bytes: 0
cat: /proc/11/task/36/stack: Permission denied
     1	Name:	#WaitPool
     2	Umask:	0022
     3	State:	T (stopped)
     4	Tgid:	11
     5	Ngid:	0
     6	Pid:	36
     7	PPid:	9
     8	TracerPid:	0
     9	Uid:	0	0	0	0
    10	Gid:	0	0	0	0
    11	FDSize:	128
    12	Groups:	0 
    13	NStgid:	11
    14	NSpid:	36
    15	NSpgid:	1
    16	NSsid:	1
    17	Kthread:	0
    18	VmPeak:	 3683604 kB
    19	VmSize:	 3683108 kB
    20	VmLck:	       0 kB
    21	VmPin:	       0 kB
    22	VmHWM:	  307616 kB
    23	VmRSS:	  307616 kB
    24	RssAnon:	  262292 kB
    25	RssFile:	   45324 kB
    26	RssShmem:	       0 kB
    27	VmData:	 3589748 kB
    28	VmStk:	     132 kB
    29	VmExe:	     456 kB
    30	VmLib:	   49804 kB
    31	VmPTE:	    1240 kB
    32	VmSwap:	       0 kB
    33	HugetlbPages:	       0 kB
    34	CoreDumping:	0
    35	THP_enabled:	1
    36	untag_mask:	0xffffffffffffff
    37	Threads:	35
    38	SigQ:	38/11641
    39	SigPnd:	0000000000040000
    40	ShdPnd:	0000000000040200
    41	SigBlk:	0000000600005007
    42	SigIgn:	0000000000000006
    43	SigCgt:	0000000141808ef8
    44	CapInh:	0000000000000000
    45	CapPrm:	00000000a80425fb
    46	CapEff:	00000000a80425fb
    47	CapBnd:	00000000a80425fb
    48	CapAmb:	0000000000000000
    49	NoNewPrivs:	0
    50	Seccomp:	2
    51	Seccomp_filters:	1
    52	Speculation_Store_Bypass:	vulnerable
    53	SpeculationIndirectBranch:	unknown
    54	Cpus_allowed:	ff
    55	Cpus_allowed_list:	0-7
    56	Mems_allowed:	1
    57	Mems_allowed_list:	0
    58	voluntary_ctxt_switches:	51
    59	nonvoluntary_ctxt_switches:	1
     1	rchar: 0
     2	wchar: 0
     3	syscr: 0
     4	syscw: 0
     5	read_bytes: 0
     6	write_bytes: 0
     7	cancelled_write_bytes: 0
cat: /proc/11/task/37/stack: Permission denied
     1	Name:	#WorkerFactory
     2	Umask:	0022
     3	State:	T (stopped)
     4	Tgid:	11
     5	Ngid:	0
     6	Pid:	37
     7	PPid:	9
     8	TracerPid:	0
     9	Uid:	0	0	0	0
    10	Gid:	0	0	0	0
    11	FDSize:	128
    12	Groups:	0 
    13	NStgid:	11
    14	NSpid:	37
    15	NSpgid:	1
    16	NSsid:	1
    17	Kthread:	0
    18	VmPeak:	 3683604 kB
    19	VmSize:	 3683108 kB
    20	VmLck:	       0 kB
    21	VmPin:	       0 kB
    22	VmHWM:	  307616 kB
    23	VmRSS:	  307616 kB
    24	RssAnon:	  262292 kB
    25	RssFile:	   45324 kB
    26	RssShmem:	       0 kB
    27	VmData:	 3589748 kB
    28	VmStk:	     132 kB
    29	VmExe:	     456 kB
    30	VmLib:	   49804 kB
    31	VmPTE:	    1240 kB
    32	VmSwap:	       0 kB
    33	HugetlbPages:	       0 kB
    34	CoreDumping:	0
    35	THP_enabled:	1
    36	untag_mask:	0xffffffffffffff
    37	Threads:	35
    38	SigQ:	38/11641
    39	SigPnd:	0000000000040000
    40	ShdPnd:	0000000000040200
    41	SigBlk:	0000000600005007
    42	SigIgn:	0000000000000006
    43	SigCgt:	0000000141808ef8
    44	CapInh:	0000000000000000
    45	CapPrm:	00000000a80425fb
    46	CapEff:	00000000a80425fb
    47	CapBnd:	00000000a80425fb
    48	CapAmb:	0000000000000000
    49	NoNewPrivs:	0
    50	Seccomp:	2
    51	Seccomp_filters:	1
    52	Speculation_Store_Bypass:	vulnerable
    53	SpeculationIndirectBranch:	unknown
    54	Cpus_allowed:	ff
    55	Cpus_allowed_list:	0-7
    56	Mems_allowed:	1
    57	Mems_allowed_list:	0
    58	voluntary_ctxt_switches:	30
    59	nonvoluntary_ctxt_switches:	1
     1	rchar: 0
     2	wchar: 0
     3	syscr: 0
     4	syscw: 0
     5	read_bytes: 0
     6	write_bytes: 0
     7	cancelled_write_bytes: 0
cat: /proc/11/task/38/stack: Permission denied
     1	Name:	#WorkerFactory
     2	Umask:	0022
     3	State:	T (stopped)
     4	Tgid:	11
     5	Ngid:	0
     6	Pid:	38
     7	PPid:	9
     8	TracerPid:	0
     9	Uid:	0	0	0	0
    10	Gid:	0	0	0	0
    11	FDSize:	128
    12	Groups:	0 
    13	NStgid:	11
    14	NSpid:	38
    15	NSpgid:	1
    16	NSsid:	1
    17	Kthread:	0
    18	VmPeak:	 3683604 kB
    19	VmSize:	 3683108 kB
    20	VmLck:	       0 kB
    21	VmPin:	       0 kB
    22	VmHWM:	  307616 kB
    23	VmRSS:	  307616 kB
    24	RssAnon:	  262292 kB
    25	RssFile:	   45324 kB
    26	RssShmem:	       0 kB
    27	VmData:	 3589748 kB
    28	VmStk:	     132 kB
    29	VmExe:	     456 kB
    30	VmLib:	   49804 kB
    31	VmPTE:	    1240 kB
    32	VmSwap:	       0 kB
    33	HugetlbPages:	       0 kB
    34	CoreDumping:	0
    35	THP_enabled:	1
    36	untag_mask:	0xffffffffffffff
    37	Threads:	35
    38	SigQ:	38/11641
    39	SigPnd:	0000000000040000
    40	ShdPnd:	0000000000040200
    41	SigBlk:	0000000600005007
    42	SigIgn:	0000000000000006
    43	SigCgt:	0000000141808ef8
    44	CapInh:	0000000000000000
    45	CapPrm:	00000000a80425fb
    46	CapEff:	00000000a80425fb
    47	CapBnd:	00000000a80425fb
    48	CapAmb:	0000000000000000
    49	NoNewPrivs:	0
    50	Seccomp:	2
    51	Seccomp_filters:	1
    52	Speculation_Store_Bypass:	vulnerable
    53	SpeculationIndirectBranch:	unknown
    54	Cpus_allowed:	ff
    55	Cpus_allowed_list:	0-7
    56	Mems_allowed:	1
    57	Mems_allowed_list:	0
    58	voluntary_ctxt_switches:	31
    59	nonvoluntary_ctxt_switches:	1
     1	rchar: 0
     2	wchar: 0
     3	syscr: 0
     4	syscw: 0
     5	read_bytes: 0
     6	write_bytes: 0
     7	cancelled_write_bytes: 0
cat: /proc/11/task/39/stack: Permission denied
     1	Name:	#WorkerFactory
     2	Umask:	0022
     3	State:	T (stopped)
     4	Tgid:	11
     5	Ngid:	0
     6	Pid:	39
     7	PPid:	9
     8	TracerPid:	0
     9	Uid:	0	0	0	0
    10	Gid:	0	0	0	0
    11	FDSize:	128
    12	Groups:	0 
    13	NStgid:	11
    14	NSpid:	39
    15	NSpgid:	1
    16	NSsid:	1
    17	Kthread:	0
    18	VmPeak:	 3683604 kB
    19	VmSize:	 3683108 kB
    20	VmLck:	       0 kB
    21	VmPin:	       0 kB
    22	VmHWM:	  307616 kB
    23	VmRSS:	  307616 kB
    24	RssAnon:	  262292 kB
    25	RssFile:	   45324 kB
    26	RssShmem:	       0 kB
    27	VmData:	 3589748 kB
    28	VmStk:	     132 kB
    29	VmExe:	     456 kB
    30	VmLib:	   49804 kB
    31	VmPTE:	    1240 kB
    32	VmSwap:	       0 kB
    33	HugetlbPages:	       0 kB
    34	CoreDumping:	0
    35	THP_enabled:	1
    36	untag_mask:	0xffffffffffffff
    37	Threads:	35
    38	SigQ:	38/11641
    39	SigPnd:	0000000000040000
    40	ShdPnd:	0000000000040200
    41	SigBlk:	0000000600005007
    42	SigIgn:	0000000000000006
    43	SigCgt:	0000000141808ef8
    44	CapInh:	0000000000000000
    45	CapPrm:	00000000a80425fb
    46	CapEff:	00000000a80425fb
    47	CapBnd:	00000000a80425fb
    48	CapAmb:	0000000000000000
    49	NoNewPrivs:	0
    50	Seccomp:	2
    51	Seccomp_filters:	1
    52	Speculation_Store_Bypass:	vulnerable
    53	SpeculationIndirectBranch:	unknown
    54	Cpus_allowed:	ff
    55	Cpus_allowed_list:	0-7
    56	Mems_allowed:	1
    57	Mems_allowed_list:	0
    58	voluntary_ctxt_switches:	36
    59	nonvoluntary_ctxt_switches:	2
     1	rchar: 0
     2	wchar: 0
     3	syscr: 0
     4	syscw: 0
     5	read_bytes: 0
     6	write_bytes: 0
     7	cancelled_write_bytes: 0
cat: /proc/11/task/40/stack: Permission denied
     1	Name:	#WorkerFactory
     2	Umask:	0022
     3	State:	T (stopped)
     4	Tgid:	11
     5	Ngid:	0
     6	Pid:	40
     7	PPid:	9
     8	TracerPid:	0
     9	Uid:	0	0	0	0
    10	Gid:	0	0	0	0
    11	FDSize:	128
    12	Groups:	0 
    13	NStgid:	11
    14	NSpid:	40
    15	NSpgid:	1
    16	NSsid:	1
    17	Kthread:	0
    18	VmPeak:	 3683604 kB
    19	VmSize:	 3683108 kB
    20	VmLck:	       0 kB
    21	VmPin:	       0 kB
    22	VmHWM:	  307616 kB
    23	VmRSS:	  307616 kB
    24	RssAnon:	  262292 kB
    25	RssFile:	   45324 kB
    26	RssShmem:	       0 kB
    27	VmData:	 3589748 kB
    28	VmStk:	     132 kB
    29	VmExe:	     456 kB
    30	VmLib:	   49804 kB
    31	VmPTE:	    1240 kB
    32	VmSwap:	       0 kB
    33	HugetlbPages:	       0 kB
    34	CoreDumping:	0
    35	THP_enabled:	1
    36	untag_mask:	0xffffffffffffff
    37	Threads:	35
    38	SigQ:	38/11641
    39	SigPnd:	0000000000040000
    40	ShdPnd:	0000000000040200
    41	SigBlk:	0000000600005007
    42	SigIgn:	0000000000000006
    43	SigCgt:	0000000141808ef8
    44	CapInh:	0000000000000000
    45	CapPrm:	00000000a80425fb
    46	CapEff:	00000000a80425fb
    47	CapBnd:	00000000a80425fb
    48	CapAmb:	0000000000000000
    49	NoNewPrivs:	0
    50	Seccomp:	2
    51	Seccomp_filters:	1
    52	Speculation_Store_Bypass:	vulnerable
    53	SpeculationIndirectBranch:	unknown
    54	Cpus_allowed:	ff
    55	Cpus_allowed_list:	0-7
    56	Mems_allowed:	1
    57	Mems_allowed_list:	0
    58	voluntary_ctxt_switches:	35
    59	nonvoluntary_ctxt_switches:	0
     1	rchar: 0
     2	wchar: 28
     3	syscr: 0
     4	syscw: 2
     5	read_bytes: 0
     6	write_bytes: 0
     7	cancelled_write_bytes: 0
cat: /proc/11/task/41/stack: Permission denied
     1	Name:	#WorkerFactory
     2	Umask:	0022
     3	State:	T (stopped)
     4	Tgid:	11
     5	Ngid:	0
     6	Pid:	41
     7	PPid:	9
     8	TracerPid:	0
     9	Uid:	0	0	0	0
    10	Gid:	0	0	0	0
    11	FDSize:	128
    12	Groups:	0 
    13	NStgid:	11
    14	NSpid:	41
    15	NSpgid:	1
    16	NSsid:	1
    17	Kthread:	0
    18	VmPeak:	 3683604 kB
    19	VmSize:	 3683108 kB
    20	VmLck:	       0 kB
    21	VmPin:	       0 kB
    22	VmHWM:	  307616 kB
    23	VmRSS:	  307616 kB
    24	RssAnon:	  262292 kB
    25	RssFile:	   45324 kB
    26	RssShmem:	       0 kB
    27	VmData:	 3589748 kB
    28	VmStk:	     132 kB
    29	VmExe:	     456 kB
    30	VmLib:	   49804 kB
    31	VmPTE:	    1240 kB
    32	VmSwap:	       0 kB
    33	HugetlbPages:	       0 kB
    34	CoreDumping:	0
    35	THP_enabled:	1
    36	untag_mask:	0xffffffffffffff
    37	Threads:	35
    38	SigQ:	38/11641
    39	SigPnd:	0000000000040000
    40	ShdPnd:	0000000000040200
    41	SigBlk:	0000000600005007
    42	SigIgn:	0000000000000006
    43	SigCgt:	0000000141808ef8
    44	CapInh:	0000000000000000
    45	CapPrm:	00000000a80425fb
    46	CapEff:	00000000a80425fb
    47	CapBnd:	00000000a80425fb
    48	CapAmb:	0000000000000000
    49	NoNewPrivs:	0
    50	Seccomp:	2
    51	Seccomp_filters:	1
    52	Speculation_Store_Bypass:	vulnerable
    53	SpeculationIndirectBranch:	unknown
    54	Cpus_allowed:	ff
    55	Cpus_allowed_list:	0-7
    56	Mems_allowed:	1
    57	Mems_allowed_list:	0
    58	voluntary_ctxt_switches:	34
    59	nonvoluntary_ctxt_switches:	1
     1	rchar: 0
     2	wchar: 0
     3	syscr: 0
     4	syscw: 0
     5	read_bytes: 0
     6	write_bytes: 0
     7	cancelled_write_bytes: 0
cat: /proc/11/task/42/stack: Permission denied
     1	Name:	#WorkerFactory
     2	Umask:	0022
     3	State:	T (stopped)
     4	Tgid:	11
     5	Ngid:	0
     6	Pid:	42
     7	PPid:	9
     8	TracerPid:	0
     9	Uid:	0	0	0	0
    10	Gid:	0	0	0	0
    11	FDSize:	128
    12	Groups:	0 
    13	NStgid:	11
    14	NSpid:	42
    15	NSpgid:	1
    16	NSsid:	1
    17	Kthread:	0
    18	VmPeak:	 3683604 kB
    19	VmSize:	 3683108 kB
    20	VmLck:	       0 kB
    21	VmPin:	       0 kB
    22	VmHWM:	  307616 kB
    23	VmRSS:	  307616 kB
    24	RssAnon:	  262292 kB
    25	RssFile:	   45324 kB
    26	RssShmem:	       0 kB
    27	VmData:	 3589748 kB
    28	VmStk:	     132 kB
    29	VmExe:	     456 kB
    30	VmLib:	   49804 kB
    31	VmPTE:	    1240 kB
    32	VmSwap:	       0 kB
    33	HugetlbPages:	       0 kB
    34	CoreDumping:	0
    35	THP_enabled:	1
    36	untag_mask:	0xffffffffffffff
    37	Threads:	35
    38	SigQ:	38/11641
    39	SigPnd:	0000000000040000
    40	ShdPnd:	0000000000040200
    41	SigBlk:	0000000600005007
    42	SigIgn:	0000000000000006
    43	SigCgt:	0000000141808ef8
    44	CapInh:	0000000000000000
    45	CapPrm:	00000000a80425fb
    46	CapEff:	00000000a80425fb
    47	CapBnd:	00000000a80425fb
    48	CapAmb:	0000000000000000
    49	NoNewPrivs:	0
    50	Seccomp:	2
    51	Seccomp_filters:	1
    52	Speculation_Store_Bypass:	vulnerable
    53	SpeculationIndirectBranch:	unknown
    54	Cpus_allowed:	ff
    55	Cpus_allowed_list:	0-7
    56	Mems_allowed:	1
    57	Mems_allowed_list:	0
    58	voluntary_ctxt_switches:	16
    59	nonvoluntary_ctxt_switches:	1
     1	rchar: 0
     2	wchar: 0
     3	syscr: 0
     4	syscw: 0
     5	read_bytes: 0
     6	write_bytes: 0
     7	cancelled_write_bytes: 0
cat: /proc/11/task/43/stack: Permission denied
     1	Name:	#WorkerFactory
     2	Umask:	0022
     3	State:	T (stopped)
     4	Tgid:	11
     5	Ngid:	0
     6	Pid:	43
     7	PPid:	9
     8	TracerPid:	0
     9	Uid:	0	0	0	0
    10	Gid:	0	0	0	0
    11	FDSize:	128
    12	Groups:	0 
    13	NStgid:	11
    14	NSpid:	43
    15	NSpgid:	1
    16	NSsid:	1
    17	Kthread:	0
    18	VmPeak:	 3683604 kB
    19	VmSize:	 3683108 kB
    20	VmLck:	       0 kB
    21	VmPin:	       0 kB
    22	VmHWM:	  307616 kB
    23	VmRSS:	  307616 kB
    24	RssAnon:	  262292 kB
    25	RssFile:	   45324 kB
    26	RssShmem:	       0 kB
    27	VmData:	 3589748 kB
    28	VmStk:	     132 kB
    29	VmExe:	     456 kB
    30	VmLib:	   49804 kB
    31	VmPTE:	    1240 kB
    32	VmSwap:	       0 kB
    33	HugetlbPages:	       0 kB
    34	CoreDumping:	0
    35	THP_enabled:	1
    36	untag_mask:	0xffffffffffffff
    37	Threads:	35
    38	SigQ:	38/11641
    39	SigPnd:	0000000000040000
    40	ShdPnd:	0000000000040200
    41	SigBlk:	0000000600005007
    42	SigIgn:	0000000000000006
    43	SigCgt:	0000000141808ef8
    44	CapInh:	0000000000000000
    45	CapPrm:	00000000a80425fb
    46	CapEff:	00000000a80425fb
    47	CapBnd:	00000000a80425fb
    48	CapAmb:	0000000000000000
    49	NoNewPrivs:	0
    50	Seccomp:	2
    51	Seccomp_filters:	1
    52	Speculation_Store_Bypass:	vulnerable
    53	SpeculationIndirectBranch:	unknown
    54	Cpus_allowed:	ff
    55	Cpus_allowed_list:	0-7
    56	Mems_allowed:	1
    57	Mems_allowed_list:	0
    58	voluntary_ctxt_switches:	13
    59	nonvoluntary_ctxt_switches:	1
     1	rchar: 0
     2	wchar: 0
     3	syscr: 0
     4	syscw: 0
     5	read_bytes: 0
     6	write_bytes: 0
     7	cancelled_write_bytes: 0
cat: /proc/11/task/44/stack: Permission denied
     1	Name:	#WorkerFactory
     2	Umask:	0022
     3	State:	T (stopped)
     4	Tgid:	11
     5	Ngid:	0
     6	Pid:	44
     7	PPid:	9
     8	TracerPid:	0
     9	Uid:	0	0	0	0
    10	Gid:	0	0	0	0
    11	FDSize:	128
    12	Groups:	0 
    13	NStgid:	11
    14	NSpid:	44
    15	NSpgid:	1
    16	NSsid:	1
    17	Kthread:	0
    18	VmPeak:	 3683604 kB
    19	VmSize:	 3683108 kB
    20	VmLck:	       0 kB
    21	VmPin:	       0 kB
    22	VmHWM:	  307616 kB
    23	VmRSS:	  307616 kB
    24	RssAnon:	  262292 kB
    25	RssFile:	   45324 kB
    26	RssShmem:	       0 kB
    27	VmData:	 3589748 kB
    28	VmStk:	     132 kB
    29	VmExe:	     456 kB
    30	VmLib:	   49804 kB
    31	VmPTE:	    1240 kB
    32	VmSwap:	       0 kB
    33	HugetlbPages:	       0 kB
    34	CoreDumping:	0
    35	THP_enabled:	1
    36	untag_mask:	0xffffffffffffff
    37	Threads:	35
    38	SigQ:	38/11641
    39	SigPnd:	0000000000040000
    40	ShdPnd:	0000000000040200
    41	SigBlk:	0000000600005007
    42	SigIgn:	0000000000000006
    43	SigCgt:	0000000141808ef8
    44	CapInh:	0000000000000000
    45	CapPrm:	00000000a80425fb
    46	CapEff:	00000000a80425fb
    47	CapBnd:	00000000a80425fb
    48	CapAmb:	0000000000000000
    49	NoNewPrivs:	0
    50	Seccomp:	2
    51	Seccomp_filters:	1
    52	Speculation_Store_Bypass:	vulnerable
    53	SpeculationIndirectBranch:	unknown
    54	Cpus_allowed:	ff
    55	Cpus_allowed_list:	0-7
    56	Mems_allowed:	1
    57	Mems_allowed_list:	0
    58	voluntary_ctxt_switches:	14
    59	nonvoluntary_ctxt_switches:	4
     1	rchar: 0
     2	wchar: 0
     3	syscr: 0
     4	syscw: 0
     5	read_bytes: 0
     6	write_bytes: 0
     7	cancelled_write_bytes: 0
cat: /proc/11/task/45/stack: Permission denied
     1	Name:	#WorkerFactory
     2	Umask:	0022
     3	State:	T (stopped)
     4	Tgid:	11
     5	Ngid:	0
     6	Pid:	45
     7	PPid:	9
     8	TracerPid:	0
     9	Uid:	0	0	0	0
    10	Gid:	0	0	0	0
    11	FDSize:	128
    12	Groups:	0 
    13	NStgid:	11
    14	NSpid:	45
    15	NSpgid:	1
    16	NSsid:	1
    17	Kthread:	0
    18	VmPeak:	 3683604 kB
    19	VmSize:	 3683108 kB
    20	VmLck:	       0 kB
    21	VmPin:	       0 kB
    22	VmHWM:	  307616 kB
    23	VmRSS:	  307616 kB
    24	RssAnon:	  262292 kB
    25	RssFile:	   45324 kB
    26	RssShmem:	       0 kB
    27	VmData:	 3589748 kB
    28	VmStk:	     132 kB
    29	VmExe:	     456 kB
    30	VmLib:	   49804 kB
    31	VmPTE:	    1240 kB
    32	VmSwap:	       0 kB
    33	HugetlbPages:	       0 kB
    34	CoreDumping:	0
    35	THP_enabled:	1
    36	untag_mask:	0xffffffffffffff
    37	Threads:	35
    38	SigQ:	38/11641
    39	SigPnd:	0000000000040000
    40	ShdPnd:	0000000000040200
    41	SigBlk:	0000000600005007
    42	SigIgn:	0000000000000006
    43	SigCgt:	0000000141808ef8
    44	CapInh:	0000000000000000
    45	CapPrm:	00000000a80425fb
    46	CapEff:	00000000a80425fb
    47	CapBnd:	00000000a80425fb
    48	CapAmb:	0000000000000000
    49	NoNewPrivs:	0
    50	Seccomp:	2
    51	Seccomp_filters:	1
    52	Speculation_Store_Bypass:	vulnerable
    53	SpeculationIndirectBranch:	unknown
    54	Cpus_allowed:	ff
    55	Cpus_allowed_list:	0-7
    56	Mems_allowed:	1
    57	Mems_allowed_list:	0
    58	voluntary_ctxt_switches:	11
    59	nonvoluntary_ctxt_switches:	1
     1	rchar: 0
     2	wchar: 0
     3	syscr: 0
     4	syscw: 0
     5	read_bytes: 0
     6	write_bytes: 0
     7	cancelled_write_bytes: 0
cat: /proc/11/task/46/stack: Permission denied
     1	Name:	Wt-384
     2	Umask:	0022
     3	State:	T (stopped)
     4	Tgid:	11
     5	Ngid:	0
     6	Pid:	46
     7	PPid:	9
     8	TracerPid:	0
     9	Uid:	0	0	0	0
    10	Gid:	0	0	0	0
    11	FDSize:	128
    12	Groups:	0 
    13	NStgid:	11
    14	NSpid:	46
    15	NSpgid:	1
    16	NSsid:	1
    17	Kthread:	0
    18	VmPeak:	 3683604 kB
    19	VmSize:	 3683108 kB
    20	VmLck:	       0 kB
    21	VmPin:	       0 kB
    22	VmHWM:	  307616 kB
    23	VmRSS:	  307616 kB
    24	RssAnon:	  262292 kB
    25	RssFile:	   45324 kB
    26	RssShmem:	       0 kB
    27	VmData:	 3589748 kB
    28	VmStk:	     132 kB
    29	VmExe:	     456 kB
    30	VmLib:	   49804 kB
    31	VmPTE:	    1240 kB
    32	VmSwap:	       0 kB
    33	HugetlbPages:	       0 kB
    34	CoreDumping:	0
    35	THP_enabled:	1
    36	untag_mask:	0xffffffffffffff
    37	Threads:	35
    38	SigQ:	38/11641
    39	SigPnd:	0000000000040000
    40	ShdPnd:	0000000000040200
    41	SigBlk:	0000000600005007
    42	SigIgn:	0000000000000006
    43	SigCgt:	0000000141808ef8
    44	CapInh:	0000000000000000
    45	CapPrm:	00000000a80425fb
    46	CapEff:	00000000a80425fb
    47	CapBnd:	00000000a80425fb
    48	CapAmb:	0000000000000000
    49	NoNewPrivs:	0
    50	Seccomp:	2
    51	Seccomp_filters:	1
    52	Speculation_Store_Bypass:	vulnerable
    53	SpeculationIndirectBranch:	unknown
    54	Cpus_allowed:	ff
    55	Cpus_allowed_list:	0-7
    56	Mems_allowed:	1
    57	Mems_allowed_list:	0
    58	voluntary_ctxt_switches:	6
    59	nonvoluntary_ctxt_switches:	1
     1	rchar: 0
     2	wchar: 0
     3	syscr: 0
     4	syscw: 0
     5	read_bytes: 0
     6	write_bytes: 0
     7	cancelled_write_bytes: 0
cat: /proc/11/task/47/stack: Permission denied
     1	Name:	Wt-388
     2	Umask:	0022
     3	State:	T (stopped)
     4	Tgid:	11
     5	Ngid:	0
     6	Pid:	47
     7	PPid:	9
     8	TracerPid:	0
     9	Uid:	0	0	0	0
    10	Gid:	0	0	0	0
    11	FDSize:	128
    12	Groups:	0 
    13	NStgid:	11
    14	NSpid:	47
    15	NSpgid:	1
    16	NSsid:	1
    17	Kthread:	0
    18	VmPeak:	 3683604 kB
    19	VmSize:	 3683108 kB
    20	VmLck:	       0 kB
    21	VmPin:	       0 kB
    22	VmHWM:	  307616 kB
    23	VmRSS:	  307616 kB
    24	RssAnon:	  262292 kB
    25	RssFile:	   45324 kB
    26	RssShmem:	       0 kB
    27	VmData:	 3589748 kB
    28	VmStk:	     132 kB
    29	VmExe:	     456 kB
    30	VmLib:	   49804 kB
    31	VmPTE:	    1240 kB
    32	VmSwap:	       0 kB
    33	HugetlbPages:	       0 kB
    34	CoreDumping:	0
    35	THP_enabled:	1
    36	untag_mask:	0xffffffffffffff
    37	Threads:	35
    38	SigQ:	38/11641
    39	SigPnd:	0000000000040000
    40	ShdPnd:	0000000000040200
    41	SigBlk:	0000000600005007
    42	SigIgn:	0000000000000006
    43	SigCgt:	0000000141808ef8
    44	CapInh:	0000000000000000
    45	CapPrm:	00000000a80425fb
    46	CapEff:	00000000a80425fb
    47	CapBnd:	00000000a80425fb
    48	CapAmb:	0000000000000000
    49	NoNewPrivs:	0
    50	Seccomp:	2
    51	Seccomp_filters:	1
    52	Speculation_Store_Bypass:	vulnerable
    53	SpeculationIndirectBranch:	unknown
    54	Cpus_allowed:	ff
    55	Cpus_allowed_list:	0-7
    56	Mems_allowed:	1
    57	Mems_allowed_list:	0
    58	voluntary_ctxt_switches:	7
    59	nonvoluntary_ctxt_switches:	0
